<?xml version='1.0' encoding='UTF-8'?>
<testsuite hostname="Macs-MacBook-Pro.local" name="com.greenfossil.jumpstart.day5.SongDAOSuite" tests="1" errors="0" failures="1" skipped="0" time="0.006" timestamp="2023-11-20T15:03:58">
          <properties>
      <property name="java.specification.version" value="17"/><property name="sun.jnu.encoding" value="UTF-8"/><property name="sun.arch.data.model" value="64"/><property name="java.vendor.url" value="https://java.oracle.com/"/><property name="sun.boot.library.path" value="/Library/Java/JavaVirtualMachines/jdk-17.jdk/Contents/Home/lib"/><property name="sun.java.command" value="/usr/local/Cellar/sbt/1.9.7/libexec/bin/sbt-launch.jar test"/><property name="jdk.debug" value="release"/><property name="sun.stderr.encoding" value="UTF-8"/><property name="java.specification.vendor" value="Oracle Corporation"/><property name="java.version.date" value="2023-10-17"/><property name="java.home" value="/Library/Java/JavaVirtualMachines/jdk-17.jdk/Contents/Home"/><property name="file.separator" value="/"/><property name="java.vm.compressedOopsMode" value="Zero based"/><property name="line.separator" value="
"/><property name="sun.stdout.encoding" value="UTF-8"/><property name="java.vm.specification.vendor" value="Oracle Corporation"/><property name="java.specification.name" value="Java Platform API Specification"/><property name="sun.management.compiler" value="HotSpot 64-Bit Tiered Compilers"/><property name="java.runtime.version" value="17.0.9+11-LTS-201"/><property name="user.name" value="mac"/><property name="log4j.ignoreTCL" value="true"/><property name="file.encoding" value="UTF-8"/><property name="jnidispatch.path" value="/Users/mac/Library/Caches/JNA/temp/jna12656679447626442546.tmp"/><property name="jna.loaded" value="true"/><property name="java.io.tmpdir" value="/var/folders/05/ddm99r_93pn4ypzs6j7wls3h0000gn/T/"/><property name="java.version" value="17.0.9"/><property name="java.vm.specification.name" value="Java Virtual Machine Specification"/><property name="native.encoding" value="UTF-8"/><property name="java.library.path" value="/Users/mac/Library/Java/Extensions:/Library/Java/Extensions:/Network/Library/Java/Extensions:/System/Library/Java/Extensions:/usr/lib/java:."/><property name="java.vendor" value="Oracle Corporation"/><property name="scala.ext.dirs" value="/Users/mac/.sbt/1.0/java9-rt-ext-oracle_corporation_17_0_9"/><property name="sun.io.unicode.encoding" value="UnicodeBig"/><property name="socksNonProxyHosts" value="local|*.local|169.254/16|*.169.254/16"/><property name="java.class.path" value="/usr/local/Cellar/sbt/1.9.7/libexec/bin/sbt-launch.jar"/><property name="java.vm.vendor" value="Oracle Corporation"/><property name="jline.shutdownhook" value="false"/><property name="user.timezone" value="Asia/Makassar"/><property name="java.vm.specification.version" value="17"/><property name="os.name" value="Mac OS X"/><property name="sun.java.launcher" value="SUN_STANDARD"/><property name="user.country" value="ID"/><property name="http.nonProxyHosts" value="local|*.local|169.254/16|*.169.254/16"/><property name="sun.cpu.endian" value="little"/><property name="user.home" value="/Users/mac"/><property name="user.language" value="en"/><property name="sbt.script" value="/usr/local/Cellar/sbt/1.9.7/libexec/bin/sbt"/><property name="sbt.ipcsocket.tmpdir" value="/var/folders/05/ddm99r_93pn4ypzs6j7wls3h0000gn/T/.sbt63b78cd2/ipcsocket"/><property name="swoval.tmpdir" value="/var/folders/05/ddm99r_93pn4ypzs6j7wls3h0000gn/T/.sbt63b78cd2/swoval"/><property name="jline.esc.timeout" value="0"/><property name="ftp.nonProxyHosts" value="local|*.local|169.254/16|*.169.254/16"/><property name="path.separator" value=":"/><property name="os.version" value="12.7.1"/><property name="jna.nosys" value="true"/><property name="java.runtime.name" value="Java(TM) SE Runtime Environment"/><property name="java.vm.name" value="Java HotSpot(TM) 64-Bit Server VM"/><property name="jna.platform.library.path" value="/usr/lib:/usr/lib"/><property name="java.vendor.url.bug" value="https://bugreport.java.com/bugreport/"/><property name="user.dir" value="/Users/mac/Desktop/SmarterHealth/jumpstart-20231120-exercise"/><property name="os.arch" value="x86_64"/><property name="java.vm.info" value="mixed mode, sharing"/><property name="java.vm.version" value="17.0.9+11-LTS-201"/><property name="java.class.version" value="61.0"/>
    </properties>
          <testcase classname="com.greenfossil.jumpstart.day5.SongDAOSuite" name="beforeAll" time="0.006">
                      <failure message="(conn=12) Access denied for user 'root'@'localhost'" type="java.sql.SQLInvalidAuthorizationSpecException">java.sql.SQLInvalidAuthorizationSpecException: (conn=12) Access denied for user 'root'@'localhost'
	at org.mariadb.jdbc.export.ExceptionFactory.createException(ExceptionFactory.java:286)
	at org.mariadb.jdbc.export.ExceptionFactory.create(ExceptionFactory.java:370)
	at org.mariadb.jdbc.client.impl.ConnectionHelper.authenticationHandler(ConnectionHelper.java:269)
	at org.mariadb.jdbc.client.impl.StandardClient.&lt;init&gt;(StandardClient.java:192)
	at org.mariadb.jdbc.Driver.connect(Driver.java:70)
	at org.mariadb.jdbc.Driver.connect(Driver.java:101)
	at org.mariadb.jdbc.Driver.connect(Driver.java:27)
	at java.sql/java.sql.DriverManager.getConnection(DriverManager.java:681)
	at java.sql/java.sql.DriverManager.getConnection(DriverManager.java:252)
	at com.greenfossil.sqlview2.Sql$.createConnection$$anonfun$1(Sql.scala:161)
	at scala.util.Try$.apply(Try.scala:210)
	at com.greenfossil.sqlview2.Sql$.getResourceWithRetry(Sql.scala:191)
	at com.greenfossil.sqlview2.Sql$.createConnection(Sql.scala:162)
	at com.greenfossil.sqlview2.Sql$.createConnection(Sql.scala:157)
	at com.greenfossil.sqlview2.util.MysqlDBSupport.createDatabase(MysqlDBSupport.scala:143)
	at com.greenfossil.sqlview2.util.MysqlDBSupport.createDatabase$(MysqlDBSupport.scala:33)
	at com.greenfossil.jumpstart.day5.SongDAOSuite.createDatabase(SongDAOSuite.scala:8)
	at com.greenfossil.sqlview2.util.MysqlDBSupport.createDatabase(MysqlDBSupport.scala:134)
	at com.greenfossil.sqlview2.util.MysqlDBSupport.createDatabase$(MysqlDBSupport.scala:33)
	at com.greenfossil.jumpstart.day5.SongDAOSuite.createDatabase(SongDAOSuite.scala:8)
	at com.greenfossil.sqlview2.util.MysqlDBSupport.createDatabase(MysqlDBSupport.scala:117)
	at com.greenfossil.sqlview2.util.MysqlDBSupport.createDatabase$(MysqlDBSupport.scala:33)
	at com.greenfossil.jumpstart.day5.SongDAOSuite.createDatabase(SongDAOSuite.scala:8)
	at com.greenfossil.jumpstart.day5.SongDAOSuite.beforeAll(SongDAOSuite.scala:86)
	at munit.MUnitRunner.$anonfun$3(MUnitRunner.scala:168)
	at scala.runtime.java8.JFunction0$mcV$sp.apply(JFunction0$mcV$sp.scala:18)
</failure>
                    </testcase>
          <system-out><![CDATA[]]></system-out>
          <system-err><![CDATA[]]></system-err>
        </testsuite>